\BOOKMARK [1][-]{section.1}{\376\377\000I\000n\000t\000r\000o\000d\000u\000c\000t\000i\000o\000n}{}% 1
\BOOKMARK [2][-]{subsection.1.1}{\376\377\000R\000e\000s\000e\000a\000r\000c\000h\000\040\000O\000v\000e\000r\000v\000i\000e\000w}{section.1}% 2
\BOOKMARK [2][-]{subsection.1.2}{\376\377\000R\000e\000s\000e\000a\000r\000c\000h\000\040\000Q\000u\000e\000s\000t\000i\000o\000n}{section.1}% 3
\BOOKMARK [2][-]{subsection.1.3}{\376\377\000C\000o\000n\000t\000r\000i\000b\000u\000t\000i\000o\000n\000s}{section.1}% 4
\BOOKMARK [1][-]{section.2}{\376\377\000B\000a\000c\000k\000g\000r\000o\000u\000n\000d}{}% 5
\BOOKMARK [2][-]{subsection.2.1}{\376\377\000M\000a\000c\000h\000i\000n\000e\000\040\000L\000e\000a\000r\000n\000i\000n\000g\000\040\000\046\000\040\000A\000r\000t\000i\000f\000i\000c\000i\000a\000l\000\040\000N\000e\000u\000r\000a\000l\000\040\000N\000e\000t\000w\000o\000r\000k\000s}{section.2}% 6
\BOOKMARK [2][-]{subsection.2.2}{\376\377\000N\000e\000u\000r\000a\000l\000\040\000N\000e\000t\000w\000o\000r\000k\000s\000\040\000o\000n\000\040\000E\000m\000b\000e\000d\000d\000e\000d\000\040\000H\000a\000r\000d\000w\000a\000r\000e}{section.2}% 7
\BOOKMARK [2][-]{subsection.2.3}{\376\377\000H\000a\000n\000d\000\040\000G\000e\000s\000t\000u\000r\000e\000\040\000D\000a\000t\000a}{section.2}% 8
\BOOKMARK [2][-]{subsection.2.4}{\376\377\0003\000D\000-\000F\000o\000r\000m\000a\000t\000t\000e\000d\000\040\000D\000a\000t\000a}{section.2}% 9
\BOOKMARK [1][-]{section.3}{\376\377\000S\000y\000s\000t\000e\000m\000\040\000O\000v\000e\000r\000v\000i\000e\000w}{}% 10
\BOOKMARK [2][-]{subsection.3.1}{\376\377\000F\000u\000l\000l\000\040\000G\000e\000s\000t\000u\000r\000e\000\040\000R\000e\000c\000o\000g\000n\000i\000t\000i\000o\000n\000\040\000S\000y\000s\000t\000e\000m}{section.3}% 11
\BOOKMARK [2][-]{subsection.3.2}{\376\377\000S\000y\000s\000t\000e\000m\000\040\000C\000a\000v\000e\000a\000t\000s}{section.3}% 12
\BOOKMARK [2][-]{subsection.3.3}{\376\377\000D\000a\000t\000a\000s\000e\000t}{section.3}% 13
\BOOKMARK [1][-]{section.4}{\376\377\000M\000o\000d\000e\000l\000\040\000D\000e\000s\000i\000g\000n}{}% 14
\BOOKMARK [2][-]{subsection.4.1}{\376\377\000N\000e\000u\000r\000a\000l\000\040\000N\000e\000t\000w\000o\000r\000k\000\040\000A\000r\000c\000h\000i\000t\000e\000c\000t\000u\000r\000e\000s\000\040\000T\000e\000s\000t\000e\000d}{section.4}% 15
\BOOKMARK [2][-]{subsection.4.2}{\376\377\000P\000a\000r\000a\000m\000e\000t\000e\000r\000\040\000T\000u\000n\000i\000n\000g}{section.4}% 16
\BOOKMARK [3][-]{section*.5}{\376\377\000A\000l\000l\000\040\000A\000r\000c\000h\000i\000t\000e\000c\000t\000u\000r\000e\000s}{subsection.4.2}% 17
\BOOKMARK [3][-]{section*.6}{\376\377\000C\000N\000N\000+\000L\000S\000T\000M}{subsection.4.2}% 18
\BOOKMARK [3][-]{section*.7}{\376\377\000T\000r\000a\000n\000s\000f\000o\000r\000m\000e\000r\000\040\000E\000n\000c\000o\000d\000e\000r}{subsection.4.2}% 19
\BOOKMARK [1][-]{section.5}{\376\377\000M\000o\000d\000e\000l\000\040\000I\000m\000p\000l\000e\000m\000e\000n\000t\000a\000t\000i\000o\000n}{}% 20
\BOOKMARK [2][-]{subsection.5.1}{\376\377\000T\000r\000a\000i\000n\000i\000n\000g\000\040\000C\000o\000d\000e}{section.5}% 21
\BOOKMARK [2][-]{subsection.5.2}{\376\377\000I\000n\000f\000e\000r\000e\000n\000c\000e\000\040\000C\000o\000d\000e}{section.5}% 22
\BOOKMARK [1][-]{section.6}{\376\377\000R\000e\000s\000u\000l\000t\000s}{}% 23
\BOOKMARK [2][-]{subsection.6.1}{\376\377\000I\000n\000f\000e\000r\000e\000n\000c\000e\000\040\000L\000a\000t\000e\000n\000c\000y\000\040\000T\000e\000s\000t\000i\000n\000g}{section.6}% 24
\BOOKMARK [3][-]{section*.8}{\376\377\000M\000e\000t\000h\000o\000d\000o\000l\000o\000g\000y}{subsection.6.1}% 25
\BOOKMARK [3][-]{section*.10}{\376\377\000R\000e\000s\000u\000l\000t\000s}{subsection.6.1}% 26
\BOOKMARK [2][-]{subsection.6.2}{\376\377\000A\000c\000c\000u\000r\000a\000c\000y\000\040\000T\000e\000s\000t\000i\000n\000g}{section.6}% 27
\BOOKMARK [3][-]{section*.12}{\376\377\000M\000e\000t\000h\000o\000d\000o\000l\000o\000g\000y}{subsection.6.2}% 28
\BOOKMARK [3][-]{section*.13}{\376\377\000R\000e\000s\000u\000l\000t\000s}{subsection.6.2}% 29
\BOOKMARK [3][-]{section*.14}{\376\377\000R\000N\000N}{subsection.6.2}% 30
\BOOKMARK [3][-]{section*.15}{\376\377\000L\000S\000T\000M}{subsection.6.2}% 31
\BOOKMARK [3][-]{section*.16}{\376\377\000G\000R\000U}{subsection.6.2}% 32
\BOOKMARK [3][-]{section*.17}{\376\377\000C\000N\000N\000+\000L\000S\000T\000M}{subsection.6.2}% 33
\BOOKMARK [3][-]{section*.18}{\376\377\000T\000r\000a\000n\000s\000f\000o\000r\000m\000e\000r\000\040\000E\000n\000c\000o\000d\000e\000r}{subsection.6.2}% 34
\BOOKMARK [1][-]{section.7}{\376\377\000R\000e\000l\000a\000t\000e\000d\000\040\000W\000o\000r\000k}{}% 35
\BOOKMARK [1][-]{section.8}{\376\377\000R\000e\000s\000p\000o\000n\000s\000i\000b\000l\000e\000\040\000R\000e\000s\000e\000a\000r\000c\000h}{}% 36
\BOOKMARK [1][-]{section.9}{\376\377\000C\000o\000n\000c\000l\000u\000s\000i\000o\000n}{}% 37
